<!DOCTYPE html PUBLIC "-//W3C//DTD XHTML 1.0 Strict//EN" "http://www.w3.org/TR/xhtml1/DTD/xhtml1-strict.dtd">
<html xmlns="http://www.w3.org/1999/xhtml">
<head>
    <title>Test Report</title>
    <meta name="author" content="Oleksii Skliarov, Ivan Lysenko"/>
    <meta http-equiv="Content-Type" content="text/html; charset=UTF-8"/>
    <style type="text/css" media="screen">
/*        body        { font-family: verdana, arial, helvetica, sans-serif; font-size: 100%; }
        table       { font-size: 100%; }*/
        pre         { }

        /* -- heading ---------------------------------------------------------------------- */
        h1 {
            font-size: 16pt;
            color: gray;
        }
        .heading {
            margin-top: 0ex;
            margin-bottom: 1ex;
        }

        .heading .attribute {
            margin-top: 1ex;
            margin-bottom: 0;
        }

        .heading .description {
            margin-top: 4ex;
            margin-bottom: 6ex;
        }

        /* -- css div popup ------------------------------------------------------------------------ */
        a.popup_link {
        }

        a.popup_link:hover {
            color: red;
        }

        .popup_window {
            display: none;
            position: relative;
            left: 0px;
            top: 0px;
            /*border: solid #627173 1px; */
            padding: 8px;
            background-color: #E6E6D6;
            font-family: "Lucida Console", "Courier New", Courier, monospace;
            text-align: left;
            font-size: 8pt;
            width: 570px;
        }

        }
        /* -- report ------------------------------------------------------------------------ */
        #show_detail_line {
            margin-top: 3ex;
            margin-bottom: 1ex;
        }
        .result_table {
            width: 80%;
            border-collapse: collapse;
            border: 1px solid #777;
        }
        #header_row {
            font-weight: bold;
            color: white;
            background-color: #777;
        }
        .result_table td {
            border: 1px solid #777;
            padding: 2px;
        }
        .shortDescription {
            font-style: italic;
            font-weight: normal;
        }
        #total_row  { font-weight: bold; }
/*        .passClass  { background-color: #6c6; }
*//*        .failClass  { background-color: #c60; }*/
        .failClass  { background-color: #ff0000; }
        .errorClass { background-color: #c00; }
        .passCase   { color: #6c6; }
        .failCase   { color: #c60; font-weight: bold; }
        .errorCase  { color: #c00; font-weight: bold; }
        .hiddenRow  { display: none; }
        
        .testcase   { display: none; }
		.testclass.active ~ .testcase { display: table-row; }

        /* -- ending ---------------------------------------------------------------------- */
        #ending {
        }

    </style>
</head>
<body>
<script language="javascript" type="text/javascript">
output_list = Array();

/* level - 0:Summary; 1:Failed; 2:All */
function showCase(level) {
    trs = document.getElementsByClassName("testclass");
    for (var i = 0; i < trs.length; i++) {
        tr = trs[i];
        if(0==level && tr.className.indexOf("active") != -1){
			tr.className = tr.className.replace("active", "").replace("  ", " ").trim();
		}else if (2 == level && tr.className.indexOf("active") == -1){
			tr.className+=" active";
		}else if (1 == level){
			if(tr.className.indexOf("passClass") != -1){
				if(tr.className.indexOf("active") != -1){
					tr.className = tr.className.replace("active", "").replace("  ", " ").trim();
				}
			}else if (tr.className.indexOf("active") == -1){
				tr.className+=" active";
			}
        }
    }
}

function showClassDetail(element) {
    var currentClassValue = element.className || "";
      
    if (currentClassValue.indexOf("active") == -1) {
		currentClassValue += " active";
    } else {
		currentClassValue = currentClassValue.replace("active", "").replace("  ", " ");
	}
	element.className = currentClassValue.trim();
}


function showTestDetail(div_id){
    var details_div = document.getElementById(div_id)
    var displayState = details_div.style.display
    // alert(displayState)
    if (displayState != 'block' ) {
        displayState = 'block'
        details_div.style.display = 'block'
    }
    else {
        details_div.style.display = 'none'
    }
}

function togleClass(element, clas){
        var currentClassValue = element.className || "";

        if (currentClassValue.indexOf(clas) == -1) {
            currentClassValue += " "+clas;
        } else {
            currentClassValue = currentClassValue.replace(clas, "").replace("  ", " ");
        }
        element.className = currentClassValue.trim()
    }

function showRawLog(element){
        togleClass(element, "popup_window")
    }

function html_escape(s) {
    s = s.replace(/&/g,'&amp;');
    s = s.replace(/</g,'&lt;');
    s = s.replace(/>/g,'&gt;');
    return s;
}

</script>

<table>
    <tr id="header_row">
        <th>Class</th>
        <th>Fail</th>
        <th>Error</th>
        <th>Skip</th>
        <th>Success</th>
        <th>Total</th>
    </tr>
        <tr>
            <td>app.mod_interfaceflow.tests.qimen_notify_test.MyQimenNotifyTest</td>
            <td>0</td>
            <td>0</td>
            <td>0</td>
            <td>2</td>
            <td>2</td>
        </tr>
        <tr>
            <td>app.mod_interfaceflow.tests.async_flows_test.Async_Flows_Test</td>
            <td>1</td>
            <td>1</td>
            <td>0</td>
            <td>2</td>
            <td>4</td>
        </tr>
        <tr>
            <td>app.mod_interfaceflow.tests.interfaceflow_tests.Test</td>
            <td>0</td>
            <td>0</td>
            <td>0</td>
            <td>4</td>
            <td>4</td>
        </tr>
    <tr>
        <td><strong>Total</strong></td>
        <td>1</td>
        <td>1</td>
        <td>0</td>
        <td>8</td>
        <td>10</td>
    </tr>
</table>

<!-- test list -->
<!-- header -->
<p id='show_detail_line'>Show
<a href='javascript:showCase(0)'>Summary</a>
<a href='javascript:showCase(1)'>Failed</a>
<a href='javascript:showCase(2)'>All</a>
</p>
<table class='result_table'>
    <colgroup>
        <col align='left' width="50%" />
        <col align='right' width="10%"/>
        <col align='right' width="10%"/>
        <col align='right' width="10%"/>
        <col align='right' width="10%"/>
        <col align='right' width="10%"/>
    </colgroup>
    <tr id='header_row'>
        <td>Test Group/Test case</td>
        <td>Count</td>
        <td>Pass</td>
        <td>Fail</td>
        <td>Error</td>
        <td>View</td>
    </tr>
</table>    
<!-- for every test suite -->
    <table class='result_table'>
	    <colgroup>
            <col align='left' width="50%" />
            <col align='right' width="10%"/>
            <col align='right' width="10%"/>
            <col align='right' width="10%"/>
            <col align='right' width="10%"/>
            <col align='right' width="10%"/>
        </colgroup>
        <tr class='testclass passClass'>
            <td>app.mod_interfaceflow.tests.qimen_notify_test.MyQimenNotifyTest</td>
            <td>2</td>
            <td>2</td>
            <td>0</td>
            <td>0</td>
            <td><a href="javascript:void(0)" onclick="showClassDetail(this.parentNode.parentNode)">Detail</a></td>
        </tr>    
        <!-- for every test -->

<tr id='app.mod_interfaceflow.tests.qimen_notify_test.MyQimenNotifyTesttest_notify_qimen_exceptiion' class='testcase'>
            <td class="passCase">
                test_notify_qimen_exceptiion
            </td>
            <td>0:00:00.002000</td>
            <td colspan='4' align='center'>
            <!--css div popup start-->
            <a class="popup_link" onfocus='this.blur();' href="javascript:showTestDetail('div_app.mod_interfaceflow.tests.qimen_notify_test.MyQimenNotifyTesttest_notify_qimen_exceptiion')" >
                Pass
            </a>

            <div id='div_app.mod_interfaceflow.tests.qimen_notify_test.MyQimenNotifyTesttest_notify_qimen_exceptiion' class="popup_window">
                <div style='text-align: right; color:red; cursor:pointer;'>
                <a onfocus='this.blur();' onclick="document.getElementById('div_app.mod_interfaceflow.tests.qimen_notify_test.MyQimenNotifyTesttest_notify_qimen_exceptiion').style.display = 'none' " >
                   [x]</a>
                </div>
                <pre>url_xml_list: {'url': '', 'xml': ''}

url_xml_list: {'url': '', 'xml': ''}

url_xml_list: {'url': '', 'xml': ''}




                </pre>
            </div>
            <!--css div popup end-->

            </td>
        </tr>
<tr id='app.mod_interfaceflow.tests.qimen_notify_test.MyQimenNotifyTesttest_notify_qimen_return_value' class='testcase'>
            <td class="passCase">
                test_notify_qimen_return_value
            </td>
            <td>0:00:00.001000</td>
            <td colspan='4' align='center'>
            <!--css div popup start-->
            <a class="popup_link" onfocus='this.blur();' href="javascript:showTestDetail('div_app.mod_interfaceflow.tests.qimen_notify_test.MyQimenNotifyTesttest_notify_qimen_return_value')" >
                Pass
            </a>

            <div id='div_app.mod_interfaceflow.tests.qimen_notify_test.MyQimenNotifyTesttest_notify_qimen_return_value' class="popup_window">
                <div style='text-align: right; color:red; cursor:pointer;'>
                <a onfocus='this.blur();' onclick="document.getElementById('div_app.mod_interfaceflow.tests.qimen_notify_test.MyQimenNotifyTesttest_notify_qimen_return_value').style.display = 'none' " >
                   [x]</a>
                </div>
                <pre>url_xml_list: {'url': '', 'xml': ''}



                </pre>
            </div>
            <!--css div popup end-->

            </td>
        </tr>    <table class='result_table'>
	    <colgroup>
            <col align='left' width="50%" />
            <col align='right' width="10%"/>
            <col align='right' width="10%"/>
            <col align='right' width="10%"/>
            <col align='right' width="10%"/>
            <col align='right' width="10%"/>
        </colgroup>
        <tr class='testclass failClass'>
            <td>app.mod_interfaceflow.tests.async_flows_test.Async_Flows_Test</td>
            <td>4</td>
            <td>2</td>
            <td>1</td>
            <td>1</td>
            <td><a href="javascript:void(0)" onclick="showClassDetail(this.parentNode.parentNode)">Detail</a></td>
        </tr>    
        <!-- for every test -->

<tr id='app.mod_interfaceflow.tests.async_flows_test.Async_Flows_Testtest_encap_out_notification' class='testcase'>
            <td class="failCase">
                test_encap_out_notification
            </td>
            <td>0:00:00.023000</td>
            <td colspan='4' align='center'>
            <!--css div popup start-->
            <a class="popup_link" onfocus='this.blur();' href="javascript:showTestDetail('div_app.mod_interfaceflow.tests.async_flows_test.Async_Flows_Testtest_encap_out_notification')" >
                Fail
            </a>

            <div id='div_app.mod_interfaceflow.tests.async_flows_test.Async_Flows_Testtest_encap_out_notification' class="popup_window">
                <div style='text-align: right; color:red; cursor:pointer;'>
                <a onfocus='this.blur();' onclick="document.getElementById('div_app.mod_interfaceflow.tests.async_flows_test.Async_Flows_Testtest_encap_out_notification').style.display = 'none' " >
                   [x]</a>
                </div>
                <pre>
None is not true
-------------------- >> begin captured logging << --------------------
tests.testing_config: DEBUG: creating app!
tests.testing_config: DEBUG: creating app!,why am i here
passlib.utils.compat: DEBUG: loaded lazy attr 'SafeConfigParser': <class ConfigParser.SafeConfigParser at 0x0000000002418648>
passlib.utils.compat: DEBUG: loaded lazy attr 'NativeStringIO': <built-in function StringIO>
passlib.utils.compat: DEBUG: loaded lazy attr 'BytesIO': <built-in function StringIO>
app: DEBUG: creating app!
app: DEBUG: config_name: development_sqlite
passlib.registry: DEBUG: registered 'bcrypt' handler: <class 'passlib.handlers.bcrypt.bcrypt'>
flask_fixtures: INFO: setting up fixtures...
app: DEBUG: ------set up finish------
--------------------- >> end captured logging << ---------------------
Traceback (most recent call last):
  File "C:\Python27\lib\unittest\case.py", line 329, in run
    testMethod()
  File "G:\wli\lion\server\app\mod_interfaceflow\tests\async_flows_test.py", line 64, in test_encap_out_notification
    self.assertTrue(encap_out_notification(method, transaction_id, data, rspdata, requestxml, responsexml))
  File "C:\Python27\lib\unittest\case.py", line 422, in assertTrue
    raise self.failureException(msg)
AssertionError: None is not true
-------------------- >> begin captured logging << --------------------
tests.testing_config: DEBUG: creating app!
tests.testing_config: DEBUG: creating app!,why am i here
passlib.utils.compat: DEBUG: loaded lazy attr 'SafeConfigParser': <class ConfigParser.SafeConfigParser at 0x0000000002418648>
passlib.utils.compat: DEBUG: loaded lazy attr 'NativeStringIO': <built-in function StringIO>
passlib.utils.compat: DEBUG: loaded lazy attr 'BytesIO': <built-in function StringIO>
app: DEBUG: creating app!
app: DEBUG: config_name: development_sqlite
passlib.registry: DEBUG: registered 'bcrypt' handler: <class 'passlib.handlers.bcrypt.bcrypt'>
flask_fixtures: INFO: setting up fixtures...
app: DEBUG: ------set up finish------
--------------------- >> end captured logging << ---------------------

                </pre>
            </div>
            <!--css div popup end-->

            </td>
        </tr>
<tr id='app.mod_interfaceflow.tests.async_flows_test.Async_Flows_Testtest_read_async_task_id' class='testcase'>
            <td class="passCase">
                test_read_async_task_id
            </td>
            <td>0:00:00.397000</td>
            <td colspan='4' align='center'>
            <!--css div popup start-->
            <a class="popup_link" onfocus='this.blur();' href="javascript:showTestDetail('div_app.mod_interfaceflow.tests.async_flows_test.Async_Flows_Testtest_read_async_task_id')" >
                Pass
            </a>

            <div id='div_app.mod_interfaceflow.tests.async_flows_test.Async_Flows_Testtest_read_async_task_id' class="popup_window">
                <div style='text-align: right; color:red; cursor:pointer;'>
                <a onfocus='this.blur();' onclick="document.getElementById('div_app.mod_interfaceflow.tests.async_flows_test.Async_Flows_Testtest_read_async_task_id').style.display = 'none' " >
                   [x]</a>
                </div>
                <pre>the db data is  [{u'task_status': u'running', u'id': 1, u'task_id': u'asdf-ssss-xxxx', u'created': '2016-04-12T09:36:46.923000+00:00'}] 




                </pre>
            </div>
            <!--css div popup end-->

            </td>
        </tr>
<tr id='app.mod_interfaceflow.tests.async_flows_test.Async_Flows_Testtest_update_async_task_by_id' class='testcase'>
            <td class="failCase">
                test_update_async_task_by_id
            </td>
            <td>0:00:00.199000</td>
            <td colspan='4' align='center'>
            <!--css div popup start-->
            <a class="popup_link" onfocus='this.blur();' href="javascript:showTestDetail('div_app.mod_interfaceflow.tests.async_flows_test.Async_Flows_Testtest_update_async_task_by_id')" >
                Fail
            </a>

            <div id='div_app.mod_interfaceflow.tests.async_flows_test.Async_Flows_Testtest_update_async_task_by_id' class="popup_window">
                <div style='text-align: right; color:red; cursor:pointer;'>
                <a onfocus='this.blur();' onclick="document.getElementById('div_app.mod_interfaceflow.tests.async_flows_test.Async_Flows_Testtest_update_async_task_by_id').style.display = 'none' " >
                   [x]</a>
                </div>
                <pre>
No module named async_flows_test
-------------------- >> begin captured logging << --------------------
flask_fixtures: INFO: setting up fixtures...
app: DEBUG: ------set up finish------
--------------------- >> end captured logging << ---------------------
Traceback (most recent call last):
  File "C:\Python27\lib\unittest\case.py", line 329, in run
    testMethod()
  File "C:\Python27\lib\site-packages\mock.py", line 1193, in patched
    arg = patching.__enter__()
  File "C:\Python27\lib\site-packages\mock.py", line 1252, in __enter__
    self.target = self.getter()
  File "C:\Python27\lib\site-packages\mock.py", line 1414, in <lambda>
    getter = lambda: _importer(target)
  File "C:\Python27\lib\site-packages\mock.py", line 1098, in _importer
    thing = __import__(import_path)
ImportError: No module named async_flows_test
-------------------- >> begin captured logging << --------------------
flask_fixtures: INFO: setting up fixtures...
app: DEBUG: ------set up finish------
--------------------- >> end captured logging << ---------------------

                </pre>
            </div>
            <!--css div popup end-->

            </td>
        </tr>
<tr id='app.mod_interfaceflow.tests.async_flows_test.Async_Flows_Testtest_write_async_task_id' class='testcase'>
            <td class="passCase">
                test_write_async_task_id
            </td>
            <td>0:00:00.332000</td>
            <td colspan='4' align='center'>
            <!--css div popup start-->
            <a class="popup_link" onfocus='this.blur();' href="javascript:showTestDetail('div_app.mod_interfaceflow.tests.async_flows_test.Async_Flows_Testtest_write_async_task_id')" >
                Pass
            </a>

            <div id='div_app.mod_interfaceflow.tests.async_flows_test.Async_Flows_Testtest_write_async_task_id' class="popup_window">
                <div style='text-align: right; color:red; cursor:pointer;'>
                <a onfocus='this.blur();' onclick="document.getElementById('div_app.mod_interfaceflow.tests.async_flows_test.Async_Flows_Testtest_write_async_task_id').style.display = 'none' " >
                   [x]</a>
                </div>
                <pre>


                </pre>
            </div>
            <!--css div popup end-->

            </td>
        </tr>    <table class='result_table'>
	    <colgroup>
            <col align='left' width="50%" />
            <col align='right' width="10%"/>
            <col align='right' width="10%"/>
            <col align='right' width="10%"/>
            <col align='right' width="10%"/>
            <col align='right' width="10%"/>
        </colgroup>
        <tr class='testclass passClass'>
            <td>app.mod_interfaceflow.tests.interfaceflow_tests.Test</td>
            <td>4</td>
            <td>4</td>
            <td>0</td>
            <td>0</td>
            <td><a href="javascript:void(0)" onclick="showClassDetail(this.parentNode.parentNode)">Detail</a></td>
        </tr>    
        <!-- for every test -->

<tr id='app.mod_interfaceflow.tests.interfaceflow_tests.Testtest_all_flows' class='testcase'>
            <td class="passCase">
                test_all_flows
                    <div class="shortDescription">
                        特殊情况   该日期无数据
                    </div>
            </td>
            <td>0:00:00.012000</td>
            <td colspan='4' align='center'>
            <!--css div popup start-->
            <a class="popup_link" onfocus='this.blur();' href="javascript:showTestDetail('div_app.mod_interfaceflow.tests.interfaceflow_tests.Testtest_all_flows')" >
                Pass
            </a>

            <div id='div_app.mod_interfaceflow.tests.interfaceflow_tests.Testtest_all_flows' class="popup_window">
                <div style='text-align: right; color:red; cursor:pointer;'>
                <a onfocus='this.blur();' onclick="document.getElementById('div_app.mod_interfaceflow.tests.interfaceflow_tests.Testtest_all_flows').style.display = 'none' " >
                   [x]</a>
                </div>
                <pre>


                </pre>
            </div>
            <!--css div popup end-->

            </td>
        </tr>
<tr id='app.mod_interfaceflow.tests.interfaceflow_tests.Testtest_detial_flow' class='testcase'>
            <td class="passCase">
                test_detial_flow
                    <div class="shortDescription">
                        异常情况    id不存在
                    </div>
            </td>
            <td>0:00:00.006000</td>
            <td colspan='4' align='center'>
            <!--css div popup start-->
            <a class="popup_link" onfocus='this.blur();' href="javascript:showTestDetail('div_app.mod_interfaceflow.tests.interfaceflow_tests.Testtest_detial_flow')" >
                Pass
            </a>

            <div id='div_app.mod_interfaceflow.tests.interfaceflow_tests.Testtest_detial_flow' class="popup_window">
                <div style='text-align: right; color:red; cursor:pointer;'>
                <a onfocus='this.blur();' onclick="document.getElementById('div_app.mod_interfaceflow.tests.interfaceflow_tests.Testtest_detial_flow').style.display = 'none' " >
                   [x]</a>
                </div>
                <pre>


                </pre>
            </div>
            <!--css div popup end-->

            </td>
        </tr>
<tr id='app.mod_interfaceflow.tests.interfaceflow_tests.Testtest_subscribe' class='testcase'>
            <td class="passCase">
                test_subscribe
                    <div class="shortDescription">
                        插入原始单数据
                    </div>
            </td>
            <td>0:00:00.098000</td>
            <td colspan='4' align='center'>
            <!--css div popup start-->
            <a class="popup_link" onfocus='this.blur();' href="javascript:showTestDetail('div_app.mod_interfaceflow.tests.interfaceflow_tests.Testtest_subscribe')" >
                Pass
            </a>

            <div id='div_app.mod_interfaceflow.tests.interfaceflow_tests.Testtest_subscribe' class="popup_window">
                <div style='text-align: right; color:red; cursor:pointer;'>
                <a onfocus='this.blur();' onclick="document.getElementById('div_app.mod_interfaceflow.tests.interfaceflow_tests.Testtest_subscribe').style.display = 'none' " >
                   [x]</a>
                </div>
                <pre>


                </pre>
            </div>
            <!--css div popup end-->

            </td>
        </tr>
<tr id='app.mod_interfaceflow.tests.interfaceflow_tests.Testtest_summary_flows' class='testcase'>
            <td class="passCase">
                test_summary_flows
                    <div class="shortDescription">
                        特殊情况   该日期无数据
                    </div>
            </td>
            <td>0:00:00.018000</td>
            <td colspan='4' align='center'>
            <!--css div popup start-->
            <a class="popup_link" onfocus='this.blur();' href="javascript:showTestDetail('div_app.mod_interfaceflow.tests.interfaceflow_tests.Testtest_summary_flows')" >
                Pass
            </a>

            <div id='div_app.mod_interfaceflow.tests.interfaceflow_tests.Testtest_summary_flows' class="popup_window">
                <div style='text-align: right; color:red; cursor:pointer;'>
                <a onfocus='this.blur();' onclick="document.getElementById('div_app.mod_interfaceflow.tests.interfaceflow_tests.Testtest_summary_flows').style.display = 'none' " >
                   [x]</a>
                </div>
                <pre>


                </pre>
            </div>
            <!--css div popup end-->

            </td>
        </tr></table>
    <table class='result_table'>
        <colgroup>
            <col align='left' width="50%"/>
            <col align='right' width="10%" id="results_count"/>
            <col align='right' width="10%" id="results_passed"/>
            <col align='right' width="10%" id="results_failed"/>
            <col align='right' width="10%" id="results_errors"/>
            <col align='right' width="10%"/>
        </colgroup>
        <!-- test list end -->
        <tr id='total_row'>
            <td>Total</td>
            <td>10</td>
            <td>8</td>
            <td>1</td>
            <td>1</td>
            <td>&nbsp;</td>
        </tr>
    </table>
    <br/>
    <a href="javascript:void(0)" onclick="showRawLog(document.getElementById('rawoutput'))">Full log raw output</a>
    <div id='rawoutput' class='popup_window'>
        <pre>creating app!
creating app!,why am i here
C:\Python27\lib\site-packages\flask_sqlalchemy\__init__.py:800: UserWarning: SQLALCHEMY_TRACK_MODIFICATIONS adds significant overhead and will be disabled by default in the future.  Set it to True to suppress this warning.
  warnings.warn('SQLALCHEMY_TRACK_MODIFICATIONS adds significant overhead and will be disabled by default in the future.  Set it to True to suppress this warning.')
None is not true
-------------------- >> begin captured logging << --------------------
tests.testing_config: DEBUG: creating app!
tests.testing_config: DEBUG: creating app!,why am i here
passlib.utils.compat: DEBUG: loaded lazy attr 'SafeConfigParser': <class ConfigParser.SafeConfigParser at 0x0000000002418648>
passlib.utils.compat: DEBUG: loaded lazy attr 'NativeStringIO': <built-in function StringIO>
passlib.utils.compat: DEBUG: loaded lazy attr 'BytesIO': <built-in function StringIO>
app: DEBUG: creating app!
app: DEBUG: config_name: development_sqlite
passlib.registry: DEBUG: registered 'bcrypt' handler: <class 'passlib.handlers.bcrypt.bcrypt'>
flask_fixtures: INFO: setting up fixtures...
app: DEBUG: ------set up finish------
--------------------- >> end captured logging << ---------------------Traceback (most recent call last):
  File "C:\Python27\lib\unittest\case.py", line 329, in run
    testMethod()
  File "G:\wli\lion\server\app\mod_interfaceflow\tests\async_flows_test.py", line 64, in test_encap_out_notification
    self.assertTrue(encap_out_notification(method, transaction_id, data, rspdata, requestxml, responsexml))
  File "C:\Python27\lib\unittest\case.py", line 422, in assertTrue
    raise self.failureException(msg)
AssertionError: None is not true
-------------------- >> begin captured logging << --------------------
tests.testing_config: DEBUG: creating app!
tests.testing_config: DEBUG: creating app!,why am i here
passlib.utils.compat: DEBUG: loaded lazy attr 'SafeConfigParser': <class ConfigParser.SafeConfigParser at 0x0000000002418648>
passlib.utils.compat: DEBUG: loaded lazy attr 'NativeStringIO': <built-in function StringIO>
passlib.utils.compat: DEBUG: loaded lazy attr 'BytesIO': <built-in function StringIO>
app: DEBUG: creating app!
app: DEBUG: config_name: development_sqlite
passlib.registry: DEBUG: registered 'bcrypt' handler: <class 'passlib.handlers.bcrypt.bcrypt'>
flask_fixtures: INFO: setting up fixtures...
app: DEBUG: ------set up finish------
--------------------- >> end captured logging << ---------------------
the db data is  [{u'task_status': u'running', u'id': 1, u'task_id': u'asdf-ssss-xxxx', u'created': '2016-04-12T09:36:46.923000+00:00'}] 

No module named async_flows_test
-------------------- >> begin captured logging << --------------------
flask_fixtures: INFO: setting up fixtures...
app: DEBUG: ------set up finish------
--------------------- >> end captured logging << ---------------------Traceback (most recent call last):
  File "C:\Python27\lib\unittest\case.py", line 329, in run
    testMethod()
  File "C:\Python27\lib\site-packages\mock.py", line 1193, in patched
    arg = patching.__enter__()
  File "C:\Python27\lib\site-packages\mock.py", line 1252, in __enter__
    self.target = self.getter()
  File "C:\Python27\lib\site-packages\mock.py", line 1414, in <lambda>
    getter = lambda: _importer(target)
  File "C:\Python27\lib\site-packages\mock.py", line 1098, in _importer
    thing = __import__(import_path)
ImportError: No module named async_flows_test
-------------------- >> begin captured logging << --------------------
flask_fixtures: INFO: setting up fixtures...
app: DEBUG: ------set up finish------
--------------------- >> end captured logging << ---------------------
--------------------------------------------------------------------------------
DEBUG in interfaceflow_tests [G:\wli\lion\server\app\mod_interfaceflow\tests\interfaceflow_tests.py:29]:
------set up finish------
--------------------------------------------------------------------------------
------set up finish------
--------------------------------------------------------------------------------
DEBUG in interfaceflow_tests [G:\wli\lion\server\app\mod_interfaceflow\tests\interfaceflow_tests.py:67]:
------test//test_all_flows pass------
--------------------------------------------------------------------------------
------test//test_all_flows pass------
--------------------------------------------------------------------------------
DEBUG in interfaceflow_tests [G:\wli\lion\server\app\mod_interfaceflow\tests\interfaceflow_tests.py:32]:
------tear down finish------
--------------------------------------------------------------------------------
------tear down finish------
--------------------------------------------------------------------------------
DEBUG in interfaceflow_tests [G:\wli\lion\server\app\mod_interfaceflow\tests\interfaceflow_tests.py:29]:
------set up finish------
--------------------------------------------------------------------------------
------set up finish------
--------------------------------------------------------------------------------
DEBUG in interfaceflow_tests [G:\wli\lion\server\app\mod_interfaceflow\tests\interfaceflow_tests.py:75]:
------test//test_detial_flow pass------
--------------------------------------------------------------------------------
------test//test_detial_flow pass------
--------------------------------------------------------------------------------
DEBUG in interfaceflow_tests [G:\wli\lion\server\app\mod_interfaceflow\tests\interfaceflow_tests.py:32]:
------tear down finish------
--------------------------------------------------------------------------------
------tear down finish------
--------------------------------------------------------------------------------
DEBUG in interfaceflow_tests [G:\wli\lion\server\app\mod_interfaceflow\tests\interfaceflow_tests.py:29]:
------set up finish------
--------------------------------------------------------------------------------
------set up finish------
--------------------------------------------------------------------------------
DEBUG in interfaceflow_tests [G:\wli\lion\server\app\mod_interfaceflow\tests\interfaceflow_tests.py:102]:
------test//self.all_flows() finish------
--------------------------------------------------------------------------------
------test//self.all_flows() finish------
--------------------------------------------------------------------------------
DEBUG in interfaceflow_tests [G:\wli\lion\server\app\mod_interfaceflow\tests\interfaceflow_tests.py:112]:
------test//self.detial_flow() finish------
--------------------------------------------------------------------------------
------test//self.detial_flow() finish------
--------------------------------------------------------------------------------
DEBUG in interfaceflow_tests [G:\wli\lion\server\app\mod_interfaceflow\tests\interfaceflow_tests.py:121]:
------test//self.summary_flows finish------
--------------------------------------------------------------------------------
------test//self.summary_flows finish------
--------------------------------------------------------------------------------
DEBUG in interfaceflow_tests [G:\wli\lion\server\app\mod_interfaceflow\tests\interfaceflow_tests.py:59]:
------test//test_subscribe pass------
--------------------------------------------------------------------------------
------test//test_subscribe pass------
--------------------------------------------------------------------------------
DEBUG in interfaceflow_tests [G:\wli\lion\server\app\mod_interfaceflow\tests\interfaceflow_tests.py:32]:
------tear down finish------
--------------------------------------------------------------------------------
------tear down finish------
--------------------------------------------------------------------------------
DEBUG in interfaceflow_tests [G:\wli\lion\server\app\mod_interfaceflow\tests\interfaceflow_tests.py:29]:
------set up finish------
--------------------------------------------------------------------------------
------set up finish------
--------------------------------------------------------------------------------
DEBUG in interfaceflow_tests [G:\wli\lion\server\app\mod_interfaceflow\tests\interfaceflow_tests.py:83]:
------test//test_summary_flows pass------
--------------------------------------------------------------------------------
------test//test_summary_flows pass------
--------------------------------------------------------------------------------
DEBUG in interfaceflow_tests [G:\wli\lion\server\app\mod_interfaceflow\tests\interfaceflow_tests.py:89]:
------test//test_summary_flows pass------
--------------------------------------------------------------------------------
------test//test_summary_flows pass------
--------------------------------------------------------------------------------
DEBUG in interfaceflow_tests [G:\wli\lion\server\app\mod_interfaceflow\tests\interfaceflow_tests.py:32]:
------tear down finish------
--------------------------------------------------------------------------------
------tear down finish------
url_xml_list: {'url': '', 'xml': ''}

url_xml_list: {'url': '', 'xml': ''}

url_xml_list: {'url': '', 'xml': ''}

url_xml_list: {'url': '', 'xml': ''}
</pre>
    </div>
</body>
</html>